{"level":"\u001b[32minfo\u001b[39m","message":"MongoDB connected","timestamp":"2026-04-18 23:06:36"}
{"level":"\u001b[32minfo\u001b[39m","message":"Pi P2P backend running on port 5000","timestamp":"2026-04-18 23:06:36"}
{"level":"\u001b[32minfo\u001b[39m","message":"GET /api/v1/ads","timestamp":"2026-04-18 23:08:02"}
{"level":"\u001b[32minfo\u001b[39m","message":"GET /api/v1/ads","timestamp":"2026-04-18 23:08:04"}
{"level":"\u001b[32minfo\u001b[39m","message":"MongoDB connected","timestamp":"2026-04-22 02:43:38"}
{"level":"\u001b[32minfo\u001b[39m","message":"Pi P2P backend running on port 5000","timestamp":"2026-04-22 02:43:39"}
{"code":"ECONNREFUSED","hostname":"_mongodb._tcp.mapcap-ipo.ilu89wl.mongodb.net","level":"\u001b[31merror\u001b[39m","message":"MongoDB connection error: querySrv ECONNREFUSED _mongodb._tcp.mapcap-ipo.ilu89wl.mongodb.net","stack":"Error: querySrv ECONNREFUSED _mongodb._tcp.mapcap-ipo.ilu89wl.mongodb.net\n    at QueryReqWrap.onresolve [as oncomplete] (node:internal/dns/promises:275:17)","syscall":"querySrv","timestamp":"2026-04-22 11:52:33"}
{"level":"\u001b[32minfo\u001b[39m","message":"MongoDB connected","timestamp":"2026-05-02 10:19:52"}
{"level":"\u001b[32minfo\u001b[39m","message":"Pi P2P backend running on port 5000","timestamp":"2026-05-02 10:19:52"}
{"level":"\u001b[32minfo\u001b[39m","message":"POST /api/v1/auth/pi","timestamp":"2026-05-02 10:39:04"}
{"level":"\u001b[32minfo\u001b[39m","message":"New pioneer registered: Adysah (uid=e5028827-52c3-415b-b03e-7d5352576004)","timestamp":"2026-05-02 10:39:06"}
{"level":"\u001b[32minfo\u001b[39m","message":"GET /api/v1/ads","timestamp":"2026-05-02 10:39:09"}
{"level":"\u001b[32minfo\u001b[39m","message":"GET /api/v1/ads","timestamp":"2026-05-02 10:39:09"}
{"level":"\u001b[32minfo\u001b[39m","message":"GET /api/v1/ads","timestamp":"2026-05-02 10:44:39"}
{"level":"\u001b[32minfo\u001b[39m","message":"GET /api/v1/ads","timestamp":"2026-05-02 10:44:41"}
{"level":"\u001b[32minfo\u001b[39m","message":"GET /api/v1/orders","timestamp":"2026-05-02 10:45:15"}
{"level":"\u001b[32minfo\u001b[39m","message":"GET /api/v1/orders","timestamp":"2026-05-02 10:45:15"}
{"level":"\u001b[32minfo\u001b[39m","message":"GET /api/v1/ads/my","timestamp":"2026-05-02 10:45:23"}
{"level":"\u001b[32minfo\u001b[39m","message":"GET /api/v1/ads/my","timestamp":"2026-05-02 10:45:23"}
{"level":"\u001b[32minfo\u001b[39m","message":"GET /api/v1/ads","timestamp":"2026-05-02 10:45:28"}
{"level":"\u001b[32minfo\u001b[39m","message":"GET /api/v1/ads","timestamp":"2026-05-02 10:45:28"}
{"level":"\u001b[32minfo\u001b[39m","message":"POST /api/v1/auth/pi","timestamp":"2026-05-02 10:59:47"}
{"level":"\u001b[32minfo\u001b[39m","message":"Pioneer logged in: Adysah (uid=e5028827-52c3-415b-b03e-7d5352576004)","timestamp":"2026-05-02 10:59:50"}
{"level":"\u001b[32minfo\u001b[39m","message":"GET /api/v1/ads","timestamp":"2026-05-02 10:59:50"}
{"level":"\u001b[32minfo\u001b[39m","message":"GET /api/v1/ads","timestamp":"2026-05-02 10:59:50"}
{"level":"\u001b[32minfo\u001b[39m","message":"POST /api/v1/auth/pi","timestamp":"2026-05-02 11:16:38"}
{"level":"\u001b[32minfo\u001b[39m","message":"Pioneer logged in: Adysah (uid=e5028827-52c3-415b-b03e-7d5352576004)","timestamp":"2026-05-02 11:16:40"}
{"level":"\u001b[32minfo\u001b[39m","message":"GET /api/v1/ads","timestamp":"2026-05-02 11:16:41"}
{"level":"\u001b[32minfo\u001b[39m","message":"GET /api/v1/ads","timestamp":"2026-05-02 11:16:41"}
{"level":"\u001b[32minfo\u001b[39m","message":"GET /api/v1/ads","timestamp":"2026-05-02 11:16:45"}
{"level":"\u001b[32minfo\u001b[39m","message":"GET /api/v1/ads","timestamp":"2026-05-02 11:16:46"}
{"level":"\u001b[32minfo\u001b[39m","message":"GET /api/v1/ads","timestamp":"2026-05-02 11:17:12"}
{"level":"\u001b[32minfo\u001b[39m","message":"GET /api/v1/ads","timestamp":"2026-05-02 11:17:15"}
{"level":"\u001b[32minfo\u001b[39m","message":"GET /api/v1/ads/my","timestamp":"2026-05-02 11:17:43"}
{"level":"\u001b[32minfo\u001b[39m","message":"GET /api/v1/ads/my","timestamp":"2026-05-02 11:17:43"}
{"level":"\u001b[32minfo\u001b[39m","message":"MongoDB connected","timestamp":"2026-05-02 11:49:34"}
{"level":"\u001b[32minfo\u001b[39m","message":"Pi P2P backend running on port 5000","timestamp":"2026-05-02 11:49:34"}
{"level":"\u001b[32minfo\u001b[39m","message":"POST /api/v1/auth/pi","timestamp":"2026-05-02 11:50:12"}
{"level":"\u001b[32minfo\u001b[39m","message":"Pioneer logged in: Adysah (uid=e5028827-52c3-415b-b03e-7d5352576004)","timestamp":"2026-05-02 11:50:16"}
{"level":"\u001b[32minfo\u001b[39m","message":"GET /api/v1/ads","timestamp":"2026-05-02 11:50:16"}
{"level":"\u001b[32minfo\u001b[39m","message":"GET /api/v1/ads","timestamp":"2026-05-02 11:50:16"}
{"level":"\u001b[32minfo\u001b[39m","message":"MongoDB connected","timestamp":"2026-05-02 11:50:54"}
{"level":"\u001b[32minfo\u001b[39m","message":"Pi P2P backend running on port 5000","timestamp":"2026-05-02 11:50:54"}
{"level":"\u001b[32minfo\u001b[39m","message":"POST /api/v1/auth/pi","timestamp":"2026-05-02 11:51:21"}
{"level":"\u001b[32minfo\u001b[39m","message":"Pioneer logged in: Adysah (uid=e5028827-52c3-415b-b03e-7d5352576004)","timestamp":"2026-05-02 11:51:22"}
{"level":"\u001b[32minfo\u001b[39m","message":"GET /api/v1/ads","timestamp":"2026-05-02 11:51:22"}
{"level":"\u001b[32minfo\u001b[39m","message":"GET /api/v1/ads","timestamp":"2026-05-02 11:51:23"}
{"level":"\u001b[32minfo\u001b[39m","message":"MongoDB connected","timestamp":"2026-05-02 11:54:14"}
{"level":"\u001b[32minfo\u001b[39m","message":"Pi P2P backend running on port 5000","timestamp":"2026-05-02 11:54:14"}
{"level":"\u001b[32minfo\u001b[39m","message":"GET /api/v1/ads/my","timestamp":"2026-05-02 12:04:37"}
{"level":"\u001b[32minfo\u001b[39m","message":"GET /api/v1/ads/my","timestamp":"2026-05-02 12:04:38"}
{"level":"\u001b[32minfo\u001b[39m","message":"GET /api/v1/orders","timestamp":"2026-05-02 12:04:41"}
{"level":"\u001b[32minfo\u001b[39m","message":"GET /api/v1/orders","timestamp":"2026-05-02 12:04:41"}
{"level":"\u001b[32minfo\u001b[39m","message":"GET /api/v1/ads","timestamp":"2026-05-02 12:04:55"}
{"level":"\u001b[32minfo\u001b[39m","message":"GET /api/v1/ads","timestamp":"2026-05-02 12:04:55"}
{"level":"\u001b[32minfo\u001b[39m","message":"GET /api/v1/ads/my","timestamp":"2026-05-02 12:13:59"}
{"level":"\u001b[32minfo\u001b[39m","message":"GET /api/v1/ads/my","timestamp":"2026-05-02 12:13:59"}
{"level":"\u001b[32minfo\u001b[39m","message":"MongoDB connected","timestamp":"2026-05-02 22:37:52"}
{"level":"\u001b[32minfo\u001b[39m","message":"Pi P2P backend running on port 5000","timestamp":"2026-05-02 22:37:52"}
{"level":"\u001b[32minfo\u001b[39m","message":"GET /api/v1/ads/my","timestamp":"2026-05-02 22:38:58"}
{"level":"\u001b[32minfo\u001b[39m","message":"GET /api/v1/wallet/balance","timestamp":"2026-05-02 22:38:58"}
{"level":"\u001b[32minfo\u001b[39m","message":"GET /api/v1/wallet/balance","timestamp":"2026-05-02 22:38:59"}
{"level":"\u001b[32minfo\u001b[39m","message":"GET /api/v1/ads/my","timestamp":"2026-05-02 22:38:59"}
{"level":"\u001b[32minfo\u001b[39m","message":"POST /api/v1/auth/pi","timestamp":"2026-05-02 22:39:15"}
{"level":"\u001b[32minfo\u001b[39m","message":"New pioneer registered: Adysah (uid=e5028827-52c3-415b-b03e-7d5352576004)","timestamp":"2026-05-02 22:39:18"}
{"level":"\u001b[32minfo\u001b[39m","message":"GET /api/v1/ads","timestamp":"2026-05-02 22:39:18"}
{"level":"\u001b[32minfo\u001b[39m","message":"GET /api/v1/ads","timestamp":"2026-05-02 22:39:18"}
{"level":"\u001b[32minfo\u001b[39m","message":"GET /api/v1/ads","timestamp":"2026-05-02 22:39:30"}
{"level":"\u001b[32minfo\u001b[39m","message":"POST /api/v1/auth/pi","timestamp":"2026-05-02 23:10:26"}
{"level":"\u001b[32minfo\u001b[39m","message":"Pioneer logged in: Adysah (uid=e5028827-52c3-415b-b03e-7d5352576004)","timestamp":"2026-05-02 23:10:28"}
{"level":"\u001b[32minfo\u001b[39m","message":"GET /api/v1/ads","timestamp":"2026-05-02 23:10:29"}
{"level":"\u001b[32minfo\u001b[39m","message":"GET /api/v1/ads","timestamp":"2026-05-02 23:10:30"}
{"level":"\u001b[32minfo\u001b[39m","message":"GET /api/v1/ads/my","timestamp":"2026-05-02 23:10:55"}
{"level":"\u001b[32minfo\u001b[39m","message":"GET /api/v1/wallet/balance","timestamp":"2026-05-02 23:10:55"}
{"level":"\u001b[32minfo\u001b[39m","message":"GET /api/v1/ads/my","timestamp":"2026-05-02 23:10:55"}
{"level":"\u001b[32minfo\u001b[39m","message":"GET /api/v1/wallet/balance","timestamp":"2026-05-02 23:10:55"}
{"level":"\u001b[32minfo\u001b[39m","message":"GET /api/v1/wallet/deposit-info","timestamp":"2026-05-02 23:12:16"}
{"level":"\u001b[32minfo\u001b[39m","message":"GET /api/v1/wallet/deposit-info","timestamp":"2026-05-02 23:12:16"}
{"level":"\u001b[32minfo\u001b[39m","message":"POST /api/v1/wallet/deposit/approve","timestamp":"2026-05-02 23:13:36"}
{"level":"\u001b[32minfo\u001b[39m","message":"[Wallet] Deposit approved: uid=69f66f057a54840a8e0bc6ee paymentId=O3Ey6gvmPuJbNjMkAYv91pfQDyWw amount=10π","timestamp":"2026-05-02 23:13:37"}
{"level":"\u001b[32minfo\u001b[39m","message":"POST /api/v1/wallet/deposit/cancel","timestamp":"2026-05-03 04:36:34"}
{"level":"\u001b[32minfo\u001b[39m","message":"GET /api/v1/ads/my","timestamp":"2026-05-03 04:37:12"}
{"level":"\u001b[32minfo\u001b[39m","message":"GET /api/v1/wallet/balance","timestamp":"2026-05-03 04:37:12"}
{"level":"\u001b[32minfo\u001b[39m","message":"GET /api/v1/ads/my","timestamp":"2026-05-03 04:37:12"}
{"level":"\u001b[32minfo\u001b[39m","message":"GET /api/v1/wallet/balance","timestamp":"2026-05-03 04:37:13"}
{"level":"\u001b[32minfo\u001b[39m","message":"GET /api/v1/wallet/deposit-info","timestamp":"2026-05-03 04:41:11"}
{"level":"\u001b[32minfo\u001b[39m","message":"GET /api/v1/wallet/deposit-info","timestamp":"2026-05-03 04:41:11"}
{"level":"\u001b[32minfo\u001b[39m","message":"GET /api/v1/wallet/deposit-info","timestamp":"2026-05-03 04:43:03"}
{"level":"\u001b[32minfo\u001b[39m","message":"GET /api/v1/wallet/deposit-info","timestamp":"2026-05-03 04:43:03"}
{"level":"\u001b[32minfo\u001b[39m","message":"GET /api/v1/ads/my","timestamp":"2026-05-03 04:43:37"}
{"level":"\u001b[32minfo\u001b[39m","message":"GET /api/v1/wallet/balance","timestamp":"2026-05-03 04:43:37"}
{"level":"\u001b[32minfo\u001b[39m","message":"GET /api/v1/wallet/balance","timestamp":"2026-05-03 04:43:37"}
{"level":"\u001b[32minfo\u001b[39m","message":"GET /api/v1/ads/my","timestamp":"2026-05-03 04:43:38"}
{"level":"\u001b[32minfo\u001b[39m","message":"GET /api/v1/wallet/deposit-info","timestamp":"2026-05-03 04:43:39"}
{"level":"\u001b[32minfo\u001b[39m","message":"GET /api/v1/wallet/deposit-info","timestamp":"2026-05-03 04:43:39"}
{"level":"\u001b[32minfo\u001b[39m","message":"GET /api/v1/ads/my","timestamp":"2026-05-03 04:45:27"}
{"level":"\u001b[32minfo\u001b[39m","message":"GET /api/v1/wallet/balance","timestamp":"2026-05-03 04:45:27"}
{"level":"\u001b[32minfo\u001b[39m","message":"GET /api/v1/wallet/balance","timestamp":"2026-05-03 04:45:27"}
{"level":"\u001b[32minfo\u001b[39m","message":"GET /api/v1/ads/my","timestamp":"2026-05-03 04:45:27"}
{"level":"\u001b[32minfo\u001b[39m","message":"GET /api/v1/wallet/deposit-info","timestamp":"2026-05-03 04:45:30"}
{"level":"\u001b[32minfo\u001b[39m","message":"GET /api/v1/wallet/deposit-info","timestamp":"2026-05-03 04:45:30"}
{"level":"\u001b[32minfo\u001b[39m","message":"POST /api/v1/auth/pi","timestamp":"2026-05-03 04:48:40"}
{"level":"\u001b[32minfo\u001b[39m","message":"Pioneer logged in: Adysah (uid=e5028827-52c3-415b-b03e-7d5352576004)","timestamp":"2026-05-03 04:48:42"}
{"level":"\u001b[32minfo\u001b[39m","message":"GET /api/v1/ads","timestamp":"2026-05-03 04:48:43"}
{"level":"\u001b[32minfo\u001b[39m","message":"GET /api/v1/ads","timestamp":"2026-05-03 04:48:44"}
{"level":"\u001b[32minfo\u001b[39m","message":"GET /api/v1/ads/my","timestamp":"2026-05-03 04:48:49"}
{"level":"\u001b[32minfo\u001b[39m","message":"GET /api/v1/wallet/balance","timestamp":"2026-05-03 04:48:49"}
{"level":"\u001b[32minfo\u001b[39m","message":"GET /api/v1/ads/my","timestamp":"2026-05-03 04:48:50"}
{"level":"\u001b[32minfo\u001b[39m","message":"GET /api/v1/wallet/balance","timestamp":"2026-05-03 04:48:50"}
{"level":"\u001b[32minfo\u001b[39m","message":"GET /api/v1/wallet/deposit-info","timestamp":"2026-05-03 04:48:54"}
{"level":"\u001b[32minfo\u001b[39m","message":"GET /api/v1/wallet/deposit-info","timestamp":"2026-05-03 04:48:55"}
{"level":"\u001b[32minfo\u001b[39m","message":"GET /api/v1/wallet/deposit-info","timestamp":"2026-05-03 04:49:25"}
{"level":"\u001b[32minfo\u001b[39m","message":"GET /api/v1/wallet/deposit-info","timestamp":"2026-05-03 04:49:25"}
{"level":"\u001b[32minfo\u001b[39m","message":"POST /api/v1/wallet/deposit/approve","timestamp":"2026-05-03 04:49:32"}
{"level":"\u001b[32minfo\u001b[39m","message":"[Wallet] Deposit approved: uid=69f66f057a54840a8e0bc6ee paymentId=VFvtNnoQMQ2dVbbsyNydDjlfRg5b amount=10.1112π","timestamp":"2026-05-03 04:49:33"}
{"level":"\u001b[32minfo\u001b[39m","message":"POST /api/v1/wallet/deposit/complete","timestamp":"2026-05-03 04:55:21"}
{"level":"\u001b[32minfo\u001b[39m","message":"[Wallet] Deposit: uid=e5028827-52c3-415b-b03e-7d5352576004 gross=10.1112π fee=0.1011π net=10.0101π","timestamp":"2026-05-03 04:55:26"}
{"level":"\u001b[32minfo\u001b[39m","message":"[Wallet] Deposit complete: uid=e5028827-52c3-415b-b03e-7d5352576004 net=10.0101π newBalance=10.0101π","timestamp":"2026-05-03 04:55:26"}
{"level":"\u001b[32minfo\u001b[39m","message":"GET /api/v1/wallet/balance","timestamp":"2026-05-03 04:55:26"}
{"level":"\u001b[32minfo\u001b[39m","message":"POST /api/v1/ads","timestamp":"2026-05-03 04:57:34"}
{"level":"\u001b[32minfo\u001b[39m","message":"Ad created: sell 10π by Adysah","timestamp":"2026-05-03 04:57:36"}
{"level":"\u001b[32minfo\u001b[39m","message":"GET /api/v1/ads/my","timestamp":"2026-05-03 04:57:36"}
{"level":"\u001b[32minfo\u001b[39m","message":"GET /api/v1/wallet/balance","timestamp":"2026-05-03 04:57:36"}
{"level":"\u001b[32minfo\u001b[39m","message":"PATCH /api/v1/ads/69f6c7af7a54840a8e0bc747","timestamp":"2026-05-03 04:58:17"}
{"level":"\u001b[32minfo\u001b[39m","message":"Ad 69f6c7af7a54840a8e0bc747 updated by Adysah","timestamp":"2026-05-03 04:58:17"}
{"level":"\u001b[32minfo\u001b[39m","message":"PATCH /api/v1/ads/69f6c7af7a54840a8e0bc747","timestamp":"2026-05-03 04:58:32"}
{"level":"\u001b[32minfo\u001b[39m","message":"Ad 69f6c7af7a54840a8e0bc747 updated by Adysah","timestamp":"2026-05-03 04:58:32"}
{"level":"\u001b[32minfo\u001b[39m","message":"GET /api/v1/ads","timestamp":"2026-05-03 04:58:49"}
{"level":"\u001b[32minfo\u001b[39m","message":"GET /api/v1/ads","timestamp":"2026-05-03 04:58:49"}
{"level":"\u001b[32minfo\u001b[39m","message":"GET /api/v1/ads","timestamp":"2026-05-03 04:58:52"}
{"level":"\u001b[32minfo\u001b[39m","message":"GET /api/v1/ads/69f6c7af7a54840a8e0bc747","timestamp":"2026-05-03 04:59:30"}
{"level":"\u001b[32minfo\u001b[39m","message":"GET /api/v1/ads/69f6c7af7a54840a8e0bc747","timestamp":"2026-05-03 04:59:30"}
{"level":"\u001b[32minfo\u001b[39m","message":"GET /api/v1/ads","timestamp":"2026-05-03 05:00:20"}
{"level":"\u001b[32minfo\u001b[39m","message":"GET /api/v1/ads","timestamp":"2026-05-03 05:00:21"}
{"level":"\u001b[32minfo\u001b[39m","message":"GET /api/v1/ads/my","timestamp":"2026-05-03 05:00:27"}
{"level":"\u001b[32minfo\u001b[39m","message":"GET /api/v1/wallet/balance","timestamp":"2026-05-03 05:00:27"}
{"level":"\u001b[32minfo\u001b[39m","message":"GET /api/v1/ads/my","timestamp":"2026-05-03 05:00:28"}
{"level":"\u001b[32minfo\u001b[39m","message":"GET /api/v1/wallet/balance","timestamp":"2026-05-03 05:00:30"}
{"level":"\u001b[32minfo\u001b[39m","message":"DELETE /api/v1/ads/69f6c7af7a54840a8e0bc747","timestamp":"2026-05-03 05:00:48"}
{"level":"\u001b[32minfo\u001b[39m","message":"Ad 69f6c7af7a54840a8e0bc747 cancelled + Pi refunded for Adysah","timestamp":"2026-05-03 05:00:50"}
{"level":"\u001b[32minfo\u001b[39m","message":"GET /api/v1/ads/my","timestamp":"2026-05-03 05:00:50"}
{"level":"\u001b[32minfo\u001b[39m","message":"GET /api/v1/wallet/balance","timestamp":"2026-05-03 05:00:50"}
{"level":"\u001b[32minfo\u001b[39m","message":"PATCH /api/v1/ads/69f6c7af7a54840a8e0bc747","timestamp":"2026-05-03 05:02:05"}
{"level":"\u001b[32minfo\u001b[39m","message":"Ad 69f6c7af7a54840a8e0bc747 updated by Adysah","timestamp":"2026-05-03 05:02:06"}
{"level":"\u001b[32minfo\u001b[39m","message":"PATCH /api/v1/ads/69f6c7af7a54840a8e0bc747","timestamp":"2026-05-03 05:03:45"}
{"level":"\u001b[32minfo\u001b[39m","message":"Ad 69f6c7af7a54840a8e0bc747 updated by Adysah","timestamp":"2026-05-03 05:03:45"}
{"level":"\u001b[32minfo\u001b[39m","message":"PATCH /api/v1/ads/69f6c7af7a54840a8e0bc747","timestamp":"2026-05-03 05:03:49"}
{"level":"\u001b[32minfo\u001b[39m","message":"Ad 69f6c7af7a54840a8e0bc747 updated by Adysah","timestamp":"2026-05-03 05:03:50"}
{"level":"\u001b[32minfo\u001b[39m","message":"DELETE /api/v1/ads/69f6c7af7a54840a8e0bc747","timestamp":"2026-05-03 05:03:54"}
{"level":"\u001b[32minfo\u001b[39m","message":"Ad 69f6c7af7a54840a8e0bc747 cancelled + Pi refunded for Adysah","timestamp":"2026-05-03 05:03:55"}
{"level":"\u001b[32minfo\u001b[39m","message":"GET /api/v1/ads/my","timestamp":"2026-05-03 05:03:55"}
{"level":"\u001b[32minfo\u001b[39m","message":"GET /api/v1/wallet/balance","timestamp":"2026-05-03 05:03:55"}
{"level":"\u001b[32minfo\u001b[39m","message":"PATCH /api/v1/ads/69f6c7af7a54840a8e0bc747","timestamp":"2026-05-03 05:04:00"}
{"level":"\u001b[32minfo\u001b[39m","message":"Ad 69f6c7af7a54840a8e0bc747 updated by Adysah","timestamp":"2026-05-03 05:04:00"}
{"level":"\u001b[32minfo\u001b[39m","message":"PATCH /api/v1/ads/69f6c7af7a54840a8e0bc747","timestamp":"2026-05-03 05:04:26"}
{"level":"\u001b[32minfo\u001b[39m","message":"Ad 69f6c7af7a54840a8e0bc747 updated by Adysah","timestamp":"2026-05-03 05:04:26"}
{"level":"\u001b[32minfo\u001b[39m","message":"PATCH /api/v1/ads/69f6c7af7a54840a8e0bc747","timestamp":"2026-05-03 05:04:31"}
{"level":"\u001b[32minfo\u001b[39m","message":"Ad 69f6c7af7a54840a8e0bc747 updated by Adysah","timestamp":"2026-05-03 05:04:31"}
{"level":"\u001b[32minfo\u001b[39m","message":"DELETE /api/v1/ads/69f6c7af7a54840a8e0bc747","timestamp":"2026-05-03 05:04:33"}
{"level":"\u001b[32minfo\u001b[39m","message":"Ad 69f6c7af7a54840a8e0bc747 cancelled + Pi refunded for Adysah","timestamp":"2026-05-03 05:04:34"}
{"level":"\u001b[32minfo\u001b[39m","message":"GET /api/v1/ads/my","timestamp":"2026-05-03 05:04:35"}
{"level":"\u001b[32minfo\u001b[39m","message":"GET /api/v1/wallet/balance","timestamp":"2026-05-03 05:04:35"}
{"level":"\u001b[32minfo\u001b[39m","message":"PATCH /api/v1/ads/69f6c7af7a54840a8e0bc747","timestamp":"2026-05-03 05:04:40"}
{"level":"\u001b[32minfo\u001b[39m","message":"Ad 69f6c7af7a54840a8e0bc747 updated by Adysah","timestamp":"2026-05-03 05:04:41"}
{"level":"\u001b[32minfo\u001b[39m","message":"DELETE /api/v1/ads/69f6c7af7a54840a8e0bc747","timestamp":"2026-05-03 05:04:49"}
{"level":"\u001b[32minfo\u001b[39m","message":"Ad 69f6c7af7a54840a8e0bc747 cancelled + Pi refunded for Adysah","timestamp":"2026-05-03 05:04:50"}
{"level":"\u001b[32minfo\u001b[39m","message":"GET /api/v1/ads/my","timestamp":"2026-05-03 05:04:50"}
{"level":"\u001b[32minfo\u001b[39m","message":"GET /api/v1/wallet/balance","timestamp":"2026-05-03 05:04:50"}
{"level":"\u001b[32minfo\u001b[39m","message":"PATCH /api/v1/ads/69f6c7af7a54840a8e0bc747","timestamp":"2026-05-03 05:04:55"}
{"level":"\u001b[32minfo\u001b[39m","message":"Ad 69f6c7af7a54840a8e0bc747 updated by Adysah","timestamp":"2026-05-03 05:04:56"}
{"level":"\u001b[32minfo\u001b[39m","message":"DELETE /api/v1/ads/69f6c7af7a54840a8e0bc747","timestamp":"2026-05-03 05:05:24"}
{"level":"\u001b[32minfo\u001b[39m","message":"Ad 69f6c7af7a54840a8e0bc747 cancelled + Pi refunded for Adysah","timestamp":"2026-05-03 05:05:26"}
{"level":"\u001b[32minfo\u001b[39m","message":"GET /api/v1/ads/my","timestamp":"2026-05-03 05:05:26"}
{"level":"\u001b[32minfo\u001b[39m","message":"GET /api/v1/wallet/balance","timestamp":"2026-05-03 05:05:26"}
{"level":"\u001b[32minfo\u001b[39m","message":"PATCH /api/v1/ads/69f6c7af7a54840a8e0bc747","timestamp":"2026-05-03 05:05:32"}
{"level":"\u001b[32minfo\u001b[39m","message":"Ad 69f6c7af7a54840a8e0bc747 updated by Adysah","timestamp":"2026-05-03 05:05:33"}
{"level":"\u001b[32minfo\u001b[39m","message":"MongoDB connected","timestamp":"2026-05-03 13:55:51"}
{"level":"\u001b[32minfo\u001b[39m","message":"Pi P2P backend running on port 5000","timestamp":"2026-05-03 13:55:51"}
{"level":"\u001b[32minfo\u001b[39m","message":"MongoDB connected","timestamp":"2026-05-03 13:57:52"}
{"level":"\u001b[32minfo\u001b[39m","message":"Pi P2P backend running on port 5000","timestamp":"2026-05-03 13:57:52"}
{"level":"\u001b[32minfo\u001b[39m","message":"POST /api/v1/auth/pi","timestamp":"2026-05-03 13:58:48"}
{"level":"\u001b[32minfo\u001b[39m","message":"Pioneer logged in: Adysah (uid=e5028827-52c3-415b-b03e-7d5352576004)","timestamp":"2026-05-03 13:58:50"}
{"level":"\u001b[32minfo\u001b[39m","message":"POST /api/v1/auth/pi","timestamp":"2026-05-03 13:58:51"}
{"level":"\u001b[32minfo\u001b[39m","message":"GET /api/v1/ads","timestamp":"2026-05-03 13:58:52"}
{"level":"\u001b[32minfo\u001b[39m","message":"Pioneer logged in: Adysah (uid=e5028827-52c3-415b-b03e-7d5352576004)","timestamp":"2026-05-03 13:58:52"}
{"level":"\u001b[32minfo\u001b[39m","message":"GET /api/v1/ads","timestamp":"2026-05-03 13:58:52"}
{"level":"\u001b[32minfo\u001b[39m","message":"GET /api/v1/ads","timestamp":"2026-05-03 13:58:55"}
{"level":"\u001b[32minfo\u001b[39m","message":"GET /api/v1/ads/69f6c7af7a54840a8e0bc747","timestamp":"2026-05-03 13:59:07"}
{"level":"\u001b[32minfo\u001b[39m","message":"GET /api/v1/ads/69f6c7af7a54840a8e0bc747","timestamp":"2026-05-03 13:59:07"}
{"level":"\u001b[32minfo\u001b[39m","message":"GET /api/v1/ads","timestamp":"2026-05-03 13:59:16"}
{"level":"\u001b[32minfo\u001b[39m","message":"GET /api/v1/ads","timestamp":"2026-05-03 13:59:16"}
{"level":"\u001b[32minfo\u001b[39m","message":"GET /api/v1/ads/my","timestamp":"2026-05-03 13:59:24"}
{"level":"\u001b[32minfo\u001b[39m","message":"GET /api/v1/wallet/balance","timestamp":"2026-05-03 13:59:24"}
{"level":"\u001b[32minfo\u001b[39m","message":"GET /api/v1/ads/my","timestamp":"2026-05-03 13:59:25"}
{"level":"\u001b[32minfo\u001b[39m","message":"GET /api/v1/wallet/balance","timestamp":"2026-05-03 13:59:25"}
{"level":"\u001b[32minfo\u001b[39m","message":"PATCH /api/v1/ads/69f6c7af7a54840a8e0bc747","timestamp":"2026-05-03 14:00:40"}
{"level":"\u001b[32minfo\u001b[39m","message":"Ad 69f6c7af7a54840a8e0bc747 updated by Adysah","timestamp":"2026-05-03 14:00:41"}
{"level":"\u001b[32minfo\u001b[39m","message":"GET /api/v1/ads/my","timestamp":"2026-05-03 14:00:41"}
{"level":"\u001b[32minfo\u001b[39m","message":"GET /api/v1/wallet/balance","timestamp":"2026-05-03 14:00:41"}
{"level":"\u001b[32minfo\u001b[39m","message":"DELETE /api/v1/ads/69f6c7af7a54840a8e0bc747","timestamp":"2026-05-03 14:00:57"}
{"level":"\u001b[32minfo\u001b[39m","message":"Ad 69f6c7af7a54840a8e0bc747 cancelled by Adysah, refunded=0π","timestamp":"2026-05-03 14:00:58"}
{"level":"\u001b[32minfo\u001b[39m","message":"GET /api/v1/ads/my","timestamp":"2026-05-03 14:00:58"}
{"level":"\u001b[32minfo\u001b[39m","message":"GET /api/v1/wallet/balance","timestamp":"2026-05-03 14:00:58"}
{"level":"\u001b[32minfo\u001b[39m","message":"GET /api/v1/ads/my","timestamp":"2026-05-03 14:01:24"}
{"level":"\u001b[32minfo\u001b[39m","message":"GET /api/v1/wallet/balance","timestamp":"2026-05-03 14:01:24"}
{"level":"\u001b[32minfo\u001b[39m","message":"GET /api/v1/ads/my","timestamp":"2026-05-03 14:01:25"}
{"level":"\u001b[32minfo\u001b[39m","message":"GET /api/v1/wallet/balance","timestamp":"2026-05-03 14:01:25"}
{"level":"\u001b[32minfo\u001b[39m","message":"POST /api/v1/ads","timestamp":"2026-05-03 14:03:10"}
{"level":"\u001b[32minfo\u001b[39m","message":"Ad created: sell 20π by Adysah","timestamp":"2026-05-03 14:03:12"}
{"level":"\u001b[32minfo\u001b[39m","message":"GET /api/v1/ads/my","timestamp":"2026-05-03 14:03:12"}
{"level":"\u001b[32minfo\u001b[39m","message":"GET /api/v1/wallet/balance","timestamp":"2026-05-03 14:03:12"}
{"level":"\u001b[32minfo\u001b[39m","message":"PATCH /api/v1/ads/69f7478e23efb109e863dfba","timestamp":"2026-05-03 14:03:25"}
{"level":"\u001b[32minfo\u001b[39m","message":"Ad 69f7478e23efb109e863dfba updated by Adysah","timestamp":"2026-05-03 14:03:27"}
{"level":"\u001b[32minfo\u001b[39m","message":"GET /api/v1/ads","timestamp":"2026-05-03 14:03:42"}
{"level":"\u001b[32minfo\u001b[39m","message":"GET /api/v1/ads","timestamp":"2026-05-03 14:03:42"}
{"level":"\u001b[32minfo\u001b[39m","message":"GET /api/v1/ads","timestamp":"2026-05-03 14:03:44"}
{"level":"\u001b[32minfo\u001b[39m","message":"GET /api/v1/ads","timestamp":"2026-05-03 14:03:48"}
{"level":"\u001b[32minfo\u001b[39m","message":"GET /api/v1/ads","timestamp":"2026-05-03 14:03:48"}
{"level":"\u001b[32minfo\u001b[39m","message":"GET /api/v1/ads/my","timestamp":"2026-05-03 14:03:50"}
{"level":"\u001b[32minfo\u001b[39m","message":"GET /api/v1/wallet/balance","timestamp":"2026-05-03 14:03:50"}
{"level":"\u001b[32minfo\u001b[39m","message":"GET /api/v1/wallet/balance","timestamp":"2026-05-03 14:03:51"}
{"level":"\u001b[32minfo\u001b[39m","message":"GET /api/v1/ads/my","timestamp":"2026-05-03 14:03:51"}
{"level":"\u001b[32minfo\u001b[39m","message":"PATCH /api/v1/ads/69f7478e23efb109e863dfba","timestamp":"2026-05-03 14:03:53"}
{"level":"\u001b[32minfo\u001b[39m","message":"Ad 69f7478e23efb109e863dfba updated by Adysah","timestamp":"2026-05-03 14:03:54"}
{"level":"\u001b[32minfo\u001b[39m","message":"GET /api/v1/ads","timestamp":"2026-05-03 14:04:02"}
{"level":"\u001b[32minfo\u001b[39m","message":"GET /api/v1/ads","timestamp":"2026-05-03 14:04:02"}
{"level":"\u001b[32minfo\u001b[39m","message":"GET /api/v1/ads","timestamp":"2026-05-03 14:04:05"}
{"level":"\u001b[32minfo\u001b[39m","message":"GET /api/v1/ads/69f7478e23efb109e863dfba","timestamp":"2026-05-03 14:04:10"}
{"level":"\u001b[32minfo\u001b[39m","message":"GET /api/v1/ads/69f7478e23efb109e863dfba","timestamp":"2026-05-03 14:04:11"}
{"level":"\u001b[32minfo\u001b[39m","message":"GET /api/v1/ads","timestamp":"2026-05-03 14:04:18"}
{"level":"\u001b[32minfo\u001b[39m","message":"GET /api/v1/ads","timestamp":"2026-05-03 14:04:19"}
{"level":"\u001b[32minfo\u001b[39m","message":"GET /api/v1/ads/my","timestamp":"2026-05-03 14:04:21"}
{"level":"\u001b[32minfo\u001b[39m","message":"GET /api/v1/wallet/balance","timestamp":"2026-05-03 14:04:21"}
{"level":"\u001b[32minfo\u001b[39m","message":"GET /api/v1/ads/my","timestamp":"2026-05-03 14:04:22"}
{"level":"\u001b[32minfo\u001b[39m","message":"GET /api/v1/wallet/balance","timestamp":"2026-05-03 14:04:22"}
{"level":"\u001b[32minfo\u001b[39m","message":"PATCH /api/v1/ads/69f7478e23efb109e863dfba","timestamp":"2026-05-03 14:04:55"}
{"level":"\u001b[32minfo\u001b[39m","message":"Ad 69f7478e23efb109e863dfba updated by Adysah","timestamp":"2026-05-03 14:04:57"}
{"level":"\u001b[32minfo\u001b[39m","message":"GET /api/v1/ads/my","timestamp":"2026-05-03 14:04:57"}
{"level":"\u001b[32minfo\u001b[39m","message":"GET /api/v1/wallet/balance","timestamp":"2026-05-03 14:04:57"}
{"level":"\u001b[32minfo\u001b[39m","message":"PATCH /api/v1/ads/69f7478e23efb109e863dfba","timestamp":"2026-05-03 14:06:07"}
{"level":"\u001b[32minfo\u001b[39m","message":"Ad 69f7478e23efb109e863dfba updated by Adysah","timestamp":"2026-05-03 14:06:08"}
{"level":"\u001b[32minfo\u001b[39m","message":"GET /api/v1/ads/my","timestamp":"2026-05-03 14:06:08"}
{"level":"\u001b[32minfo\u001b[39m","message":"GET /api/v1/wallet/balance","timestamp":"2026-05-03 14:06:08"}
{"level":"\u001b[32minfo\u001b[39m","message":"GET /api/v1/orders","timestamp":"2026-05-03 14:06:44"}
{"level":"\u001b[32minfo\u001b[39m","message":"GET /api/v1/orders","timestamp":"2026-05-03 14:06:44"}
{"level":"\u001b[32minfo\u001b[39m","message":"GET /api/v1/ads/my","timestamp":"2026-05-03 14:06:47"}
{"level":"\u001b[32minfo\u001b[39m","message":"GET /api/v1/wallet/balance","timestamp":"2026-05-03 14:06:47"}
{"level":"\u001b[32minfo\u001b[39m","message":"GET /api/v1/ads/my","timestamp":"2026-05-03 14:06:47"}
{"level":"\u001b[32minfo\u001b[39m","message":"GET /api/v1/wallet/balance","timestamp":"2026-05-03 14:06:47"}
{"level":"\u001b[32minfo\u001b[39m","message":"GET /api/v1/wallet/deposit-info","timestamp":"2026-05-03 14:06:57"}
{"level":"\u001b[32minfo\u001b[39m","message":"GET /api/v1/wallet/deposit-info","timestamp":"2026-05-03 14:06:57"}
{"level":"\u001b[32minfo\u001b[39m","message":"POST /api/v1/auth/pi","timestamp":"2026-05-03 14:07:51"}
{"level":"\u001b[32minfo\u001b[39m","message":"Pioneer logged in: Adysah (uid=e5028827-52c3-415b-b03e-7d5352576004)","timestamp":"2026-05-03 14:07:52"}
{"level":"\u001b[32minfo\u001b[39m","message":"GET /api/v1/ads","timestamp":"2026-05-03 14:07:52"}
{"level":"\u001b[32minfo\u001b[39m","message":"GET /api/v1/ads","timestamp":"2026-05-03 14:07:53"}
{"level":"\u001b[32minfo\u001b[39m","message":"GET /api/v1/ads/my","timestamp":"2026-05-03 14:07:56"}
{"level":"\u001b[32minfo\u001b[39m","message":"GET /api/v1/wallet/balance","timestamp":"2026-05-03 14:07:56"}
{"level":"\u001b[32minfo\u001b[39m","message":"GET /api/v1/wallet/balance","timestamp":"2026-05-03 14:07:57"}
{"level":"\u001b[32minfo\u001b[39m","message":"GET /api/v1/ads/my","timestamp":"2026-05-03 14:07:57"}
{"level":"\u001b[32minfo\u001b[39m","message":"GET /api/v1/wallet/deposit-info","timestamp":"2026-05-03 14:08:00"}
{"level":"\u001b[32minfo\u001b[39m","message":"GET /api/v1/wallet/deposit-info","timestamp":"2026-05-03 14:08:00"}
{"level":"\u001b[32minfo\u001b[39m","message":"POST /api/v1/wallet/deposit/approve","timestamp":"2026-05-03 14:08:07"}
{"level":"\u001b[32minfo\u001b[39m","message":"[Wallet] Deposit approved: uid=69f66f057a54840a8e0bc6ee paymentId=fzaMGH8pmRTW0JDFMcXPykoB5BYi amount=10π","timestamp":"2026-05-03 14:08:09"}
{"level":"\u001b[32minfo\u001b[39m","message":"POST /api/v1/wallet/deposit/complete","timestamp":"2026-05-03 14:08:40"}
{"level":"\u001b[32minfo\u001b[39m","message":"[Wallet] Deposit: uid=e5028827-52c3-415b-b03e-7d5352576004 gross=10π fee=0.1π net=9.9π","timestamp":"2026-05-03 14:08:43"}
{"level":"\u001b[32minfo\u001b[39m","message":"[Wallet] Deposit complete: uid=e5028827-52c3-415b-b03e-7d5352576004 net=9.9π newBalance=59.9101π","timestamp":"2026-05-03 14:08:43"}
{"level":"\u001b[32minfo\u001b[39m","message":"GET /api/v1/wallet/balance","timestamp":"2026-05-03 14:08:43"}
{"level":"\u001b[32minfo\u001b[39m","message":"POST /api/v1/auth/pi","timestamp":"2026-05-03 19:01:13"}
{"level":"\u001b[32minfo\u001b[39m","message":"Pioneer logged in: Adysah (uid=e5028827-52c3-415b-b03e-7d5352576004)","timestamp":"2026-05-03 19:01:16"}
{"level":"\u001b[32minfo\u001b[39m","message":"GET /api/v1/ads","timestamp":"2026-05-03 19:01:16"}
{"level":"\u001b[32minfo\u001b[39m","message":"GET /api/v1/ads","timestamp":"2026-05-03 19:01:17"}
{"level":"\u001b[32minfo\u001b[39m","message":"GET /api/v1/ads","timestamp":"2026-05-03 19:01:35"}
{"level":"\u001b[32minfo\u001b[39m","message":"GET /api/v1/ads/69f7478e23efb109e863dfba","timestamp":"2026-05-03 19:01:48"}
{"level":"\u001b[32minfo\u001b[39m","message":"GET /api/v1/ads/69f7478e23efb109e863dfba","timestamp":"2026-05-03 19:01:48"}
{"level":"\u001b[32minfo\u001b[39m","message":"GET /api/v1/auth/payment-methods","timestamp":"2026-05-03 19:02:05"}
{"level":"\u001b[32minfo\u001b[39m","message":"GET /api/v1/wallet/balance","timestamp":"2026-05-03 19:02:05"}
{"level":"\u001b[32minfo\u001b[39m","message":"GET /api/v1/ads/my","timestamp":"2026-05-03 19:02:05"}
{"level":"\u001b[32minfo\u001b[39m","message":"GET /api/v1/auth/payment-methods","timestamp":"2026-05-03 19:02:05"}
{"level":"\u001b[32minfo\u001b[39m","message":"GET /api/v1/wallet/balance","timestamp":"2026-05-03 19:02:05"}
{"level":"\u001b[32minfo\u001b[39m","message":"GET /api/v1/ads/my","timestamp":"2026-05-03 19:02:07"}
{"level":"\u001b[32minfo\u001b[39m","message":"POST /api/v1/auth/payment-methods","timestamp":"2026-05-03 19:04:04"}
{"level":"\u001b[32minfo\u001b[39m","message":"Payment method added for Adysah: opay","timestamp":"2026-05-03 19:04:05"}
{"level":"\u001b[32minfo\u001b[39m","message":"GET /api/v1/auth/payment-methods","timestamp":"2026-05-03 19:04:05"}
{"level":"\u001b[32minfo\u001b[39m","message":"POST /api/v1/ads","timestamp":"2026-05-03 19:06:46"}
{"level":"\u001b[32minfo\u001b[39m","message":"Ad created: sell 50π by Adysah","timestamp":"2026-05-03 19:06:48"}
{"level":"\u001b[32minfo\u001b[39m","message":"GET /api/v1/ads/my","timestamp":"2026-05-03 19:06:48"}
{"level":"\u001b[32minfo\u001b[39m","message":"GET /api/v1/wallet/balance","timestamp":"2026-05-03 19:06:48"}
{"level":"\u001b[32minfo\u001b[39m","message":"PATCH /api/v1/ads/69f78eb723efb109e863e07b","timestamp":"2026-05-03 19:07:07"}
{"level":"\u001b[32minfo\u001b[39m","message":"Ad 69f78eb723efb109e863e07b updated by Adysah","timestamp":"2026-05-03 19:07:08"}
{"level":"\u001b[32minfo\u001b[39m","message":"PATCH /api/v1/ads/69f78eb723efb109e863e07b","timestamp":"2026-05-03 19:07:10"}
{"level":"\u001b[32minfo\u001b[39m","message":"Ad 69f78eb723efb109e863e07b updated by Adysah","timestamp":"2026-05-03 19:07:10"}
{"level":"\u001b[32minfo\u001b[39m","message":"PATCH /api/v1/ads/69f78eb723efb109e863e07b","timestamp":"2026-05-03 19:07:24"}
{"level":"\u001b[32minfo\u001b[39m","message":"Ad 69f78eb723efb109e863e07b updated by Adysah","timestamp":"2026-05-03 19:07:25"}
{"level":"\u001b[32minfo\u001b[39m","message":"GET /api/v1/ads/my","timestamp":"2026-05-03 19:07:25"}
{"level":"\u001b[32minfo\u001b[39m","message":"GET /api/v1/wallet/balance","timestamp":"2026-05-03 19:07:25"}
{"level":"\u001b[32minfo\u001b[39m","message":"MongoDB connected","timestamp":"2026-05-03 19:33:25"}
{"level":"\u001b[32minfo\u001b[39m","message":"Pi P2P backend running on port 5000","timestamp":"2026-05-03 19:33:25"}
{"level":"\u001b[32minfo\u001b[39m","message":"MongoDB connected","timestamp":"2026-05-03 19:33:55"}
{"level":"\u001b[32minfo\u001b[39m","message":"Pi P2P backend running on port 5000","timestamp":"2026-05-03 19:33:55"}
{"level":"\u001b[32minfo\u001b[39m","message":"MongoDB connected","timestamp":"2026-05-03 19:37:31"}
{"level":"\u001b[32minfo\u001b[39m","message":"Pi P2P backend running on port 5000","timestamp":"2026-05-03 19:37:31"}
{"level":"\u001b[32minfo\u001b[39m","message":"MongoDB connected","timestamp":"2026-05-03 19:37:53"}
{"level":"\u001b[32minfo\u001b[39m","message":"Pi P2P backend running on port 5000","timestamp":"2026-05-03 19:37:53"}
{"level":"\u001b[32minfo\u001b[39m","message":"POST /api/v1/auth/pi","timestamp":"2026-05-03 19:38:39"}
{"level":"\u001b[32minfo\u001b[39m","message":"Pioneer logged in: Adysah (uid=e5028827-52c3-415b-b03e-7d5352576004)","timestamp":"2026-05-03 19:38:40"}
{"level":"\u001b[32minfo\u001b[39m","message":"GET /api/v1/ads","timestamp":"2026-05-03 19:38:41"}
{"level":"\u001b[32minfo\u001b[39m","message":"GET /api/v1/ads","timestamp":"2026-05-03 19:38:41"}
{"level":"\u001b[32minfo\u001b[39m","message":"GET /api/v1/ads","timestamp":"2026-05-03 19:38:43"}
{"level":"\u001b[32minfo\u001b[39m","message":"GET /api/v1/ads/my","timestamp":"2026-05-03 19:38:56"}
{"level":"\u001b[32minfo\u001b[39m","message":"GET /api/v1/wallet/balance","timestamp":"2026-05-03 19:38:56"}
{"level":"\u001b[32minfo\u001b[39m","message":"GET /api/v1/auth/payment-methods","timestamp":"2026-05-03 19:38:56"}
{"level":"\u001b[32minfo\u001b[39m","message":"GET /api/v1/ads/my","timestamp":"2026-05-03 19:38:56"}
{"level":"\u001b[32minfo\u001b[39m","message":"GET /api/v1/wallet/balance","timestamp":"2026-05-03 19:38:56"}
{"level":"\u001b[32minfo\u001b[39m","message":"GET /api/v1/auth/payment-methods","timestamp":"2026-05-03 19:38:56"}
{"level":"\u001b[32minfo\u001b[39m","message":"DELETE /api/v1/ads/69f6c7af7a54840a8e0bc747/hard","timestamp":"2026-05-03 19:39:19"}
{"level":"\u001b[32minfo\u001b[39m","message":"Ad 69f6c7af7a54840a8e0bc747 permanently deleted by Adysah","timestamp":"2026-05-03 19:39:20"}
{"level":"\u001b[32minfo\u001b[39m","message":"DELETE /api/v1/ads/69f7478e23efb109e863dfba","timestamp":"2026-05-03 19:39:40"}
{"level":"\u001b[32minfo\u001b[39m","message":"Ad 69f7478e23efb109e863dfba cancelled by Adysah, refunded=0π","timestamp":"2026-05-03 19:39:42"}
{"level":"\u001b[32minfo\u001b[39m","message":"GET /api/v1/ads/my","timestamp":"2026-05-03 19:39:42"}
{"level":"\u001b[32minfo\u001b[39m","message":"GET /api/v1/wallet/balance","timestamp":"2026-05-03 19:39:42"}
{"level":"\u001b[32minfo\u001b[39m","message":"DELETE /api/v1/ads/69f7478e23efb109e863dfba/hard","timestamp":"2026-05-03 19:40:41"}
{"level":"\u001b[32minfo\u001b[39m","message":"Ad 69f7478e23efb109e863dfba permanently deleted by Adysah","timestamp":"2026-05-03 19:40:42"}
{"level":"\u001b[32minfo\u001b[39m","message":"MongoDB connected","timestamp":"2026-05-03 22:51:43"}
{"level":"\u001b[32minfo\u001b[39m","message":"Pi P2P backend running on port 5000","timestamp":"2026-05-03 22:51:43"}
{"level":"\u001b[32minfo\u001b[39m","message":"POST /api/v1/auth/pi","timestamp":"2026-05-03 22:55:30"}
{"level":"\u001b[32minfo\u001b[39m","message":"Pioneer logged in: Adysah (uid=e5028827-52c3-415b-b03e-7d5352576004)","timestamp":"2026-05-03 22:55:32"}
{"level":"\u001b[32minfo\u001b[39m","message":"GET /api/v1/ads","timestamp":"2026-05-03 22:55:33"}
{"level":"\u001b[32minfo\u001b[39m","message":"GET /api/v1/ads","timestamp":"2026-05-03 22:55:33"}
{"level":"\u001b[32minfo\u001b[39m","message":"MongoDB connected","timestamp":"2026-05-03 23:27:06"}
{"level":"\u001b[32minfo\u001b[39m","message":"Pi P2P backend running on port 5000","timestamp":"2026-05-03 23:27:06"}
{"level":"\u001b[32minfo\u001b[39m","message":"MongoDB connected","timestamp":"2026-05-03 23:28:46"}
{"level":"\u001b[32minfo\u001b[39m","message":"Pi P2P backend running on port 5000","timestamp":"2026-05-03 23:28:46"}
{"level":"\u001b[32minfo\u001b[39m","message":"POST /api/v1/auth/pi","timestamp":"2026-05-03 23:30:32"}
{"level":"\u001b[32minfo\u001b[39m","message":"Pi token verified for uid=e5028827-52c3-415b-b03e-7d5352576004 username=Adysah","timestamp":"2026-05-03 23:30:34"}
{"level":"\u001b[32minfo\u001b[39m","message":"Pioneer logged in: Adysah (uid=e5028827-52c3-415b-b03e-7d5352576004)","timestamp":"2026-05-03 23:30:35"}
{"level":"\u001b[32minfo\u001b[39m","message":"GET /api/v1/ads","timestamp":"2026-05-03 23:30:35"}
{"level":"\u001b[32minfo\u001b[39m","message":"GET /api/v1/ads","timestamp":"2026-05-03 23:30:36"}
{"code":"ECONNREFUSED","hostname":"_mongodb._tcp.mapcap-ipo.ilu89wl.mongodb.net","level":"\u001b[31merror\u001b[39m","message":"MongoDB connection error: querySrv ECONNREFUSED _mongodb._tcp.mapcap-ipo.ilu89wl.mongodb.net","stack":"Error: querySrv ECONNREFUSED _mongodb._tcp.mapcap-ipo.ilu89wl.mongodb.net\n    at QueryReqWrap.onresolve [as oncomplete] (node:internal/dns/promises:275:17)","syscall":"querySrv","timestamp":"2026-05-03 23:34:12"}
{"code":"ECONNREFUSED","hostname":"_mongodb._tcp.mapcap-ipo.ilu89wl.mongodb.net","level":"\u001b[31merror\u001b[39m","message":"MongoDB connection error: querySrv ECONNREFUSED _mongodb._tcp.mapcap-ipo.ilu89wl.mongodb.net","stack":"Error: querySrv ECONNREFUSED _mongodb._tcp.mapcap-ipo.ilu89wl.mongodb.net\n    at QueryReqWrap.onresolve [as oncomplete] (node:internal/dns/promises:275:17)","syscall":"querySrv","timestamp":"2026-05-03 23:34:41"}
{"level":"\u001b[32minfo\u001b[39m","message":"MongoDB connected","timestamp":"2026-05-03 23:39:28"}
{"level":"\u001b[32minfo\u001b[39m","message":"Pi P2P backend running on port 5000","timestamp":"2026-05-03 23:39:28"}
{"level":"\u001b[32minfo\u001b[39m","message":"POST /api/v1/auth/pi","timestamp":"2026-05-03 23:41:43"}
{"level":"\u001b[32minfo\u001b[39m","message":"Pi token verified for uid=e5028827-52c3-415b-b03e-7d5352576004 username=Adysah","timestamp":"2026-05-03 23:41:44"}
{"level":"\u001b[32minfo\u001b[39m","message":"Pioneer logged in: Adysah (uid=e5028827-52c3-415b-b03e-7d5352576004)","timestamp":"2026-05-03 23:41:45"}
{"level":"\u001b[32minfo\u001b[39m","message":"GET /api/v1/ads","timestamp":"2026-05-03 23:41:45"}
{"level":"\u001b[32minfo\u001b[39m","message":"GET /api/v1/ads","timestamp":"2026-05-03 23:41:45"}
{"level":"\u001b[32minfo\u001b[39m","message":"GET /api/v1/ads/my","timestamp":"2026-05-03 23:41:51"}
{"level":"\u001b[32minfo\u001b[39m","message":"GET /api/v1/wallet/balance","timestamp":"2026-05-03 23:41:51"}
{"level":"\u001b[32minfo\u001b[39m","message":"GET /api/v1/auth/payment-methods","timestamp":"2026-05-03 23:41:51"}
{"level":"\u001b[32minfo\u001b[39m","message":"GET /api/v1/wallet/balance","timestamp":"2026-05-03 23:41:51"}
{"level":"\u001b[32minfo\u001b[39m","message":"GET /api/v1/ads/my","timestamp":"2026-05-03 23:41:51"}
{"level":"\u001b[32minfo\u001b[39m","message":"GET /api/v1/auth/payment-methods","timestamp":"2026-05-03 23:41:51"}
